Using pre-set license
Built from '2020.3/staging' branch; Version is '2020.3.26f1 (7298b473bc1a) revision 7510196'; Using compiler version '192528614'; Build Type 'Release'
OS: 'Windows 10  (10.0.19043) 64bit Core' Language: 'en' Physical Memory: 16227 MB
BatchMode: 1, IsHumanControllingUs: 0, StartBugReporterOnCrash: 0, Is64bit: 1, IsPro: 0

COMMAND LINE ARGUMENTS:
C:\Program Files\Unity\Hub\Editor\2020.3.26f1\Editor\Unity.exe
-adb2
-batchMode
-noUpm
-name
AssetImportWorker0
-projectPath
D:/GPE340/Shooter/Shooter
-logFile
Logs/AssetImportWorker0.log
-srvPort
51335
Successfully changed project path to: D:/GPE340/Shooter/Shooter
D:/GPE340/Shooter/Shooter
Using Asset Import Pipeline V2.
Refreshing native plugins compatible for Editor in 50.75 ms, found 2 plugins.
Preloading 0 native plugins for Editor in 0.00 ms.
Initialize engine version: 2020.3.26f1 (7298b473bc1a)
[Subsystems] Discovering subsystems at path C:/Program Files/Unity/Hub/Editor/2020.3.26f1/Editor/Data/Resources/UnitySubsystems
[Subsystems] Discovering subsystems at path D:/GPE340/Shooter/Shooter/Assets
GfxDevice: creating device client; threaded=0
Direct3D:
    Version:  Direct3D 11.0 [level 11.1]
    Renderer: NVIDIA GeForce GTX 1650 (ID=0x1f91)
    Vendor:   
    VRAM:     3962 MB
    Driver:   30.0.14.9649
Initialize mono
Mono path[0] = 'C:/Program Files/Unity/Hub/Editor/2020.3.26f1/Editor/Data/Managed'
Mono path[1] = 'C:/Program Files/Unity/Hub/Editor/2020.3.26f1/Editor/Data/MonoBleedingEdge/lib/mono/unityjit'
Mono config path = 'C:/Program Files/Unity/Hub/Editor/2020.3.26f1/Editor/Data/MonoBleedingEdge/etc'
Using monoOptions --debugger-agent=transport=dt_socket,embedding=1,server=y,suspend=n,address=127.0.0.1:56940
Begin MonoManager ReloadAssembly
Registering precompiled unity dll's ...
Register platform support module: C:/Program Files/Unity/Hub/Editor/2020.3.26f1/Editor/Data/PlaybackEngines/WindowsStandaloneSupport/UnityEditor.WindowsStandalone.Extensions.dll
Registered in 0.001907 seconds.
Native extension for WindowsStandalone target not found
Refreshing native plugins compatible for Editor in 45.33 ms, found 2 plugins.
Preloading 0 native plugins for Editor in 0.00 ms.
Mono: successfully reloaded assembly
- Completed reload, in  0.548 seconds
Domain Reload Profiling:
	ReloadAssembly (549ms)
		BeginReloadAssembly (50ms)
			ExecutionOrderSort (0ms)
			DisableScriptedObjects (0ms)
			BackupInstance (0ms)
			ReleaseScriptingObjects (0ms)
			CreateAndSetChildDomain (1ms)
		EndReloadAssembly (431ms)
			LoadAssemblies (48ms)
			RebuildTransferFunctionScriptingTraits (0ms)
			SetupTypeCache (146ms)
			ReleaseScriptCaches (0ms)
			RebuildScriptCaches (29ms)
			SetupLoadedEditorAssemblies (162ms)
				LogAssemblyErrors (0ms)
				InitializePlatformSupportModulesInManaged (4ms)
				SetLoadedEditorAssemblies (0ms)
				RefreshPlugins (45ms)
				BeforeProcessingInitializeOnLoad (15ms)
				ProcessInitializeOnLoadAttributes (71ms)
				ProcessInitializeOnLoadMethodAttributes (26ms)
				AfterProcessingInitializeOnLoad (0ms)
				EditorAssembliesLoaded (0ms)
			ExecutionOrderSort2 (0ms)
			AwakeInstancesAfterBackupRestoration (0ms)
Platform modules already initialized, skipping
Registering precompiled user dll's ...
Registered in 0.002837 seconds.
Begin MonoManager ReloadAssembly
Native extension for WindowsStandalone target not found
Refreshing native plugins compatible for Editor in 0.49 ms, found 2 plugins.
Preloading 0 native plugins for Editor in 0.00 ms.
Mono: successfully reloaded assembly
- Completed reload, in  1.007 seconds
Domain Reload Profiling:
	ReloadAssembly (1008ms)
		BeginReloadAssembly (157ms)
			ExecutionOrderSort (0ms)
			DisableScriptedObjects (8ms)
			BackupInstance (0ms)
			ReleaseScriptingObjects (0ms)
			CreateAndSetChildDomain (20ms)
		EndReloadAssembly (781ms)
			LoadAssemblies (83ms)
			RebuildTransferFunctionScriptingTraits (0ms)
			SetupTypeCache (273ms)
			ReleaseScriptCaches (0ms)
			RebuildScriptCaches (39ms)
			SetupLoadedEditorAssemblies (295ms)
				LogAssemblyErrors (0ms)
				InitializePlatformSupportModulesInManaged (4ms)
				SetLoadedEditorAssemblies (0ms)
				RefreshPlugins (1ms)
				BeforeProcessingInitializeOnLoad (73ms)
				ProcessInitializeOnLoadAttributes (198ms)
				ProcessInitializeOnLoadMethodAttributes (10ms)
				AfterProcessingInitializeOnLoad (8ms)
				EditorAssembliesLoaded (0ms)
			ExecutionOrderSort2 (0ms)
			AwakeInstancesAfterBackupRestoration (7ms)
Platform modules already initialized, skipping
========================================================================
Worker process is ready to serve import requests
Launched and connected shader compiler UnityShaderCompiler.exe after 0.05 seconds
Refreshing native plugins compatible for Editor in 1.89 ms, found 2 plugins.
Preloading 0 native plugins for Editor in 0.00 ms.
Unloading 1520 Unused Serialized files (Serialized files now loaded: 0)
System memory in use before: 73.3 MB.
System memory in use after: 73.4 MB.

Unloading 19 unused Assets to reduce memory usage. Loaded Objects now: 1953.
Total: 3.423600 ms (FindLiveObjects: 0.219900 ms CreateObjectMapping: 0.096600 ms MarkObjects: 2.983800 ms  DeleteObjects: 0.121500 ms)

AssetImportParameters requested are different than current active one (requested -> active):
  custom:framework-win-MediaFoundation: 216162199b28c13a410421893ffa2e32 -> 
  custom:video-decoder-ogg-theora: a1e56fd34408186e4bbccfd4996cb3dc -> 
  custom:container-muxer-webm: aa71ff27fc2769a1b78a27578f13a17b -> 
  custom:container-demuxer-webm: 4f35f7cbe854078d1ac9338744f61a02 -> 
  custom:container-demuxer-ogg: 62fdf1f143b41e24485cea50d1cbac27 -> 
  custom:video-encoder-webm-vp8: eb34c28f22e8b96e1ab97ce403110664 -> 
  custom:video-decoder-webm-vp8: 9c59270c3fd7afecdb556c50c9e8de78 -> 
  custom:audio-decoder-ogg-vorbis: bf7c407c2cedff20999df2af8eb42d56 -> 
  custom:audio-encoder-webm-vorbis: bf7c407c2cedff20999df2af8eb42d56 -> 
========================================================================
Received Import Request.
  path: Assets/Prefabs/Player.prefab
  artifactKey: Guid(aef8c13c91f4ecb47b866c96d1ce34c4) Importer(815301076,1909f56bfc062723c751e8b465ee728b)
Start importing Assets/Prefabs/Player.prefab using Guid(aef8c13c91f4ecb47b866c96d1ce34c4) Importer(815301076,1909f56bfc062723c751e8b465ee728b)  -> (artifact id: '780c0c0c0f8e2c8feabbc61b813e0268') in 0.217583 seconds 
  Import took 0.222089 seconds .

========================================================================
Received Import Request.
  Time since last request: 8.024427 seconds.
  path: Assets/Prefabs/Player.prefab
  artifactKey: Guid(aef8c13c91f4ecb47b866c96d1ce34c4) Importer(815301076,1909f56bfc062723c751e8b465ee728b)
Start importing Assets/Prefabs/Player.prefab using Guid(aef8c13c91f4ecb47b866c96d1ce34c4) Importer(815301076,1909f56bfc062723c751e8b465ee728b)  -> (artifact id: '0268655db3b72a872d54322df9c8a253') in 0.053055 seconds 
  Import took 0.057115 seconds .

========================================================================
Received Import Request.
  Time since last request: 0.000290 seconds.
  path: Assets/Prefabs/SM_Wep_BlunderBuss_01.prefab
  artifactKey: Guid(35f66bb44f2dcb24ba9982c780c43528) Importer(815301076,1909f56bfc062723c751e8b465ee728b)
Start importing Assets/Prefabs/SM_Wep_BlunderBuss_01.prefab using Guid(35f66bb44f2dcb24ba9982c780c43528) Importer(815301076,1909f56bfc062723c751e8b465ee728b)  -> (artifact id: '9313ffabee7b60620131c504a0365cef') in 0.012948 seconds 
  Import took 0.015995 seconds .

========================================================================
Received Import Request.
  Time since last request: 2.317035 seconds.
  path: Assets/Prefabs/Player.prefab
  artifactKey: Guid(aef8c13c91f4ecb47b866c96d1ce34c4) Importer(815301076,1909f56bfc062723c751e8b465ee728b)
Start importing Assets/Prefabs/Player.prefab using Guid(aef8c13c91f4ecb47b866c96d1ce34c4) Importer(815301076,1909f56bfc062723c751e8b465ee728b)  -> (artifact id: 'd5126e14d7545dfcaa76c1779480946d') in 0.048743 seconds 
  Import took 0.052670 seconds .

========================================================================
Received Import Request.
  Time since last request: 0.000255 seconds.
  path: Assets/Prefabs/SM_Wep_BlunderBuss_01.prefab
  artifactKey: Guid(35f66bb44f2dcb24ba9982c780c43528) Importer(815301076,1909f56bfc062723c751e8b465ee728b)
Start importing Assets/Prefabs/SM_Wep_BlunderBuss_01.prefab using Guid(35f66bb44f2dcb24ba9982c780c43528) Importer(815301076,1909f56bfc062723c751e8b465ee728b)  -> (artifact id: '7e32d98428848f625fe567b9449fe07d') in 0.013157 seconds 
  Import took 0.015775 seconds .

========================================================================
Received Import Request.
  Time since last request: 34.419144 seconds.
  path: Assets/Prefabs/Player.prefab
  artifactKey: Guid(aef8c13c91f4ecb47b866c96d1ce34c4) Importer(815301076,1909f56bfc062723c751e8b465ee728b)
Start importing Assets/Prefabs/Player.prefab using Guid(aef8c13c91f4ecb47b866c96d1ce34c4) Importer(815301076,1909f56bfc062723c751e8b465ee728b)  -> (artifact id: 'b26125e404b4c6311346f906d8290e4a') in 0.054084 seconds 
  Import took 0.058990 seconds .

========================================================================
Received Import Request.
  Time since last request: 0.000313 seconds.
  path: Assets/Prefabs/SM_Wep_BlunderBuss_01.prefab
  artifactKey: Guid(35f66bb44f2dcb24ba9982c780c43528) Importer(815301076,1909f56bfc062723c751e8b465ee728b)
Start importing Assets/Prefabs/SM_Wep_BlunderBuss_01.prefab using Guid(35f66bb44f2dcb24ba9982c780c43528) Importer(815301076,1909f56bfc062723c751e8b465ee728b)  -> (artifact id: '04f3fe56a073a6e0ddf11519cb3e9cf5') in 0.015355 seconds 
  Import took 0.018650 seconds .

========================================================================
Received Import Request.
  Time since last request: 13.204322 seconds.
  path: Assets/Prefabs/Player.prefab
  artifactKey: Guid(aef8c13c91f4ecb47b866c96d1ce34c4) Importer(815301076,1909f56bfc062723c751e8b465ee728b)
Start importing Assets/Prefabs/Player.prefab using Guid(aef8c13c91f4ecb47b866c96d1ce34c4) Importer(815301076,1909f56bfc062723c751e8b465ee728b)  -> (artifact id: 'bf84872923d4753cbd621766b0ce6d88') in 0.047327 seconds 
  Import took 0.051217 seconds .

========================================================================
Received Import Request.
  Time since last request: 0.000279 seconds.
  path: Assets/Prefabs/SM_Wep_BlunderBuss_01.prefab
  artifactKey: Guid(35f66bb44f2dcb24ba9982c780c43528) Importer(815301076,1909f56bfc062723c751e8b465ee728b)
Start importing Assets/Prefabs/SM_Wep_BlunderBuss_01.prefab using Guid(35f66bb44f2dcb24ba9982c780c43528) Importer(815301076,1909f56bfc062723c751e8b465ee728b)  -> (artifact id: '3c282975d3f4bcdc04455a3baed1926a') in 0.015471 seconds 
  Import took 0.019101 seconds .

========================================================================
Received Import Request.
  Time since last request: 32.128197 seconds.
  path: Assets/Prefabs/Player.prefab
  artifactKey: Guid(aef8c13c91f4ecb47b866c96d1ce34c4) Importer(815301076,1909f56bfc062723c751e8b465ee728b)
Start importing Assets/Prefabs/Player.prefab using Guid(aef8c13c91f4ecb47b866c96d1ce34c4) Importer(815301076,1909f56bfc062723c751e8b465ee728b)  -> (artifact id: 'c85cc9ba5f2c5919c112a75e19a892fb') in 0.054505 seconds 
  Import took 0.058953 seconds .

========================================================================
Received Import Request.
  Time since last request: 0.000322 seconds.
  path: Assets/Prefabs/SM_Wep_BlunderBuss_01.prefab
  artifactKey: Guid(35f66bb44f2dcb24ba9982c780c43528) Importer(815301076,1909f56bfc062723c751e8b465ee728b)
Start importing Assets/Prefabs/SM_Wep_BlunderBuss_01.prefab using Guid(35f66bb44f2dcb24ba9982c780c43528) Importer(815301076,1909f56bfc062723c751e8b465ee728b)  -> (artifact id: 'f9f9b77f07b54adc3d136b860c56f912') in 0.012746 seconds 
  Import took 0.016500 seconds .

========================================================================
Received Import Request.
  Time since last request: 8.047885 seconds.
  path: Assets/Prefabs/Player.prefab
  artifactKey: Guid(aef8c13c91f4ecb47b866c96d1ce34c4) Importer(815301076,1909f56bfc062723c751e8b465ee728b)
Start importing Assets/Prefabs/Player.prefab using Guid(aef8c13c91f4ecb47b866c96d1ce34c4) Importer(815301076,1909f56bfc062723c751e8b465ee728b)  -> (artifact id: '0a06ebb8c2e46dbd74b4c4f3b590a698') in 0.049643 seconds 
  Import took 0.053704 seconds .

========================================================================
Received Import Request.
  Time since last request: 0.000262 seconds.
  path: Assets/Prefabs/SM_Wep_BlunderBuss_01.prefab
  artifactKey: Guid(35f66bb44f2dcb24ba9982c780c43528) Importer(815301076,1909f56bfc062723c751e8b465ee728b)
Start importing Assets/Prefabs/SM_Wep_BlunderBuss_01.prefab using Guid(35f66bb44f2dcb24ba9982c780c43528) Importer(815301076,1909f56bfc062723c751e8b465ee728b)  -> (artifact id: '88b7e3737e696b653829753dcdb80e6d') in 0.009674 seconds 
  Import took 0.011990 seconds .

========================================================================
Received Import Request.
  Time since last request: 10.028887 seconds.
  path: Assets/Prefabs/Player.prefab
  artifactKey: Guid(aef8c13c91f4ecb47b866c96d1ce34c4) Importer(815301076,1909f56bfc062723c751e8b465ee728b)
Start importing Assets/Prefabs/Player.prefab using Guid(aef8c13c91f4ecb47b866c96d1ce34c4) Importer(815301076,1909f56bfc062723c751e8b465ee728b)  -> (artifact id: 'f229e616d90e5526540b02584cf0b307') in 0.048982 seconds 
  Import took 0.053021 seconds .

========================================================================
Received Import Request.
  Time since last request: 0.000294 seconds.
  path: Assets/Prefabs/SM_Wep_BlunderBuss_01.prefab
  artifactKey: Guid(35f66bb44f2dcb24ba9982c780c43528) Importer(815301076,1909f56bfc062723c751e8b465ee728b)
Start importing Assets/Prefabs/SM_Wep_BlunderBuss_01.prefab using Guid(35f66bb44f2dcb24ba9982c780c43528) Importer(815301076,1909f56bfc062723c751e8b465ee728b)  -> (artifact id: 'df5134b2fc03991630cc007345c5db7b') in 0.014484 seconds 
  Import took 0.017296 seconds .

========================================================================
Received Import Request.
  Time since last request: 2.815696 seconds.
  path: Assets/Prefabs/Player.prefab
  artifactKey: Guid(aef8c13c91f4ecb47b866c96d1ce34c4) Importer(815301076,1909f56bfc062723c751e8b465ee728b)
Start importing Assets/Prefabs/Player.prefab using Guid(aef8c13c91f4ecb47b866c96d1ce34c4) Importer(815301076,1909f56bfc062723c751e8b465ee728b)  -> (artifact id: '508b92b87b12966a8b554a484a167260') in 0.054454 seconds 
  Import took 0.058901 seconds .

========================================================================
Received Import Request.
  Time since last request: 0.000280 seconds.
  path: Assets/Prefabs/SM_Wep_BlunderBuss_01.prefab
  artifactKey: Guid(35f66bb44f2dcb24ba9982c780c43528) Importer(815301076,1909f56bfc062723c751e8b465ee728b)
Start importing Assets/Prefabs/SM_Wep_BlunderBuss_01.prefab using Guid(35f66bb44f2dcb24ba9982c780c43528) Importer(815301076,1909f56bfc062723c751e8b465ee728b)  -> (artifact id: '79aec34d874761c9a7f7c0c381e81aa2') in 0.011721 seconds 
  Import took 0.015166 seconds .

========================================================================
Received Import Request.
  Time since last request: 4.158234 seconds.
  path: Assets/Prefabs/Player.prefab
  artifactKey: Guid(aef8c13c91f4ecb47b866c96d1ce34c4) Importer(815301076,1909f56bfc062723c751e8b465ee728b)
Start importing Assets/Prefabs/Player.prefab using Guid(aef8c13c91f4ecb47b866c96d1ce34c4) Importer(815301076,1909f56bfc062723c751e8b465ee728b)  -> (artifact id: '484cf650fb57f7f1e083ca3a6ddb6ac0') in 0.057392 seconds 
  Import took 0.061452 seconds .

========================================================================
Received Import Request.
  Time since last request: 0.000285 seconds.
  path: Assets/Prefabs/SM_Wep_BlunderBuss_01.prefab
  artifactKey: Guid(35f66bb44f2dcb24ba9982c780c43528) Importer(815301076,1909f56bfc062723c751e8b465ee728b)
Start importing Assets/Prefabs/SM_Wep_BlunderBuss_01.prefab using Guid(35f66bb44f2dcb24ba9982c780c43528) Importer(815301076,1909f56bfc062723c751e8b465ee728b)  -> (artifact id: 'f08b67a6ba3a92730d38be907723071d') in 0.010200 seconds 
  Import took 0.013110 seconds .

========================================================================
Received Import Request.
  Time since last request: 25.228451 seconds.
  path: Assets/Prefabs/Player.prefab
  artifactKey: Guid(aef8c13c91f4ecb47b866c96d1ce34c4) Importer(815301076,1909f56bfc062723c751e8b465ee728b)
Start importing Assets/Prefabs/Player.prefab using Guid(aef8c13c91f4ecb47b866c96d1ce34c4) Importer(815301076,1909f56bfc062723c751e8b465ee728b)  -> (artifact id: 'fa5d6c078eba1c414c5bf20421a050f6') in 0.048791 seconds 
  Import took 0.053193 seconds .

========================================================================
Received Import Request.
  Time since last request: 0.000209 seconds.
  path: Assets/Prefabs/SM_Wep_BlunderBuss_01.prefab
  artifactKey: Guid(35f66bb44f2dcb24ba9982c780c43528) Importer(815301076,1909f56bfc062723c751e8b465ee728b)
Start importing Assets/Prefabs/SM_Wep_BlunderBuss_01.prefab using Guid(35f66bb44f2dcb24ba9982c780c43528) Importer(815301076,1909f56bfc062723c751e8b465ee728b)  -> (artifact id: '6a806a35bbc542ab77ef7a14bb10dbb8') in 0.008689 seconds 
  Import took 0.011294 seconds .

========================================================================
Received Import Request.
  Time since last request: 11.954642 seconds.
  path: Packages/com.unity.collab-proxy/Editor/Collaborate/Assets/Icons/added-file-dark.png
  artifactKey: Guid(1a4f52b613391cd449af3ad2e44affeb) Importer(815301076,1909f56bfc062723c751e8b465ee728b)
Start importing Packages/com.unity.collab-proxy/Editor/Collaborate/Assets/Icons/added-file-dark.png using Guid(1a4f52b613391cd449af3ad2e44affeb) Importer(815301076,1909f56bfc062723c751e8b465ee728b)  -> (artifact id: 'b6c50c6b02d9b73c5e2e4a85549794a4') in 0.102298 seconds 
  Import took 0.104645 seconds .

========================================================================
Received Import Request.
  Time since last request: 0.000332 seconds.
  path: Packages/com.unity.textmeshpro/Editor Resources/Textures/btn_AlignBaseLine_Light.psd
  artifactKey: Guid(18775b51e3bd42299fd30bd036ea982f) Importer(815301076,1909f56bfc062723c751e8b465ee728b)
Start importing Packages/com.unity.textmeshpro/Editor Resources/Textures/btn_AlignBaseLine_Light.psd using Guid(18775b51e3bd42299fd30bd036ea982f) Importer(815301076,1909f56bfc062723c751e8b465ee728b)  -> (artifact id: '633c128230dd65edd71219b64727c0ca') in 0.010812 seconds 
  Import took 0.013417 seconds .

========================================================================
Received Import Request.
  Time since last request: 0.000248 seconds.
  path: Packages/com.unity.textmeshpro/Editor Resources/Textures/btn_AlignCapLine.psd
  artifactKey: Guid(0d9a36012a224080966c7b55896aa0f9) Importer(815301076,1909f56bfc062723c751e8b465ee728b)
Start importing Packages/com.unity.textmeshpro/Editor Resources/Textures/btn_AlignCapLine.psd using Guid(0d9a36012a224080966c7b55896aa0f9) Importer(815301076,1909f56bfc062723c751e8b465ee728b)  -> (artifact id: '3b1e2320c4b78815b8c21ff039181187') in 0.006622 seconds 
  Import took 0.009178 seconds .

========================================================================
Received Import Request.
  Time since last request: 0.000478 seconds.
  path: Packages/com.unity.collab-proxy/Editor/Collaborate/Assets/Icons/back-light@2x.png
  artifactKey: Guid(f5c57327df0fa294c8209aa216435167) Importer(815301076,1909f56bfc062723c751e8b465ee728b)
Start importing Packages/com.unity.collab-proxy/Editor/Collaborate/Assets/Icons/back-light@2x.png using Guid(f5c57327df0fa294c8209aa216435167) Importer(815301076,1909f56bfc062723c751e8b465ee728b)  -> (artifact id: '9126f2c6a09177ddfe777bcef538ff86') in 0.008140 seconds 
  Import took 0.010730 seconds .

========================================================================
Received Import Request.
  Time since last request: 0.000318 seconds.
  path: Packages/com.unity.textmeshpro/Editor Resources/Textures/btn_AlignCenterGeo.psd
  artifactKey: Guid(c76700ea0062413d9f69409b4e9e151b) Importer(815301076,1909f56bfc062723c751e8b465ee728b)
Start importing Packages/com.unity.textmeshpro/Editor Resources/Textures/btn_AlignCenterGeo.psd using Guid(c76700ea0062413d9f69409b4e9e151b) Importer(815301076,1909f56bfc062723c751e8b465ee728b)  -> (artifact id: '75e73d85ef0e0c060f23d1a1f75a4614') in 0.008865 seconds 
  Import took 0.011679 seconds .

========================================================================
Received Import Request.
  Time since last request: 0.000251 seconds.
  path: Packages/com.unity.textmeshpro/Editor Resources/Textures/btn_AlignBottom.psd
  artifactKey: Guid(ca51b19024094d1b87f3e07edb0a75fb) Importer(815301076,1909f56bfc062723c751e8b465ee728b)
Start importing Packages/com.unity.textmeshpro/Editor Resources/Textures/btn_AlignBottom.psd using Guid(ca51b19024094d1b87f3e07edb0a75fb) Importer(815301076,1909f56bfc062723c751e8b465ee728b)  -> (artifact id: '04523af2aeb3be0a322de57cd8995ba7') in 0.007449 seconds 
  Import took 0.010110 seconds .

========================================================================
Received Import Request.
  Time since last request: 0.000503 seconds.
  path: Packages/com.unity.collab-proxy/Editor/Collaborate/Assets/Icons/back-dark.png
  artifactKey: Guid(8e3ec2dfd58b79842aa78376678a9a05) Importer(815301076,1909f56bfc062723c751e8b465ee728b)
Start importing Packages/com.unity.collab-proxy/Editor/Collaborate/Assets/Icons/back-dark.png using Guid(8e3ec2dfd58b79842aa78376678a9a05) Importer(815301076,1909f56bfc062723c751e8b465ee728b)  -> (artifact id: '6418a2c11981f0acf802666f81ff2714') in 0.006929 seconds 
  Import took 0.010105 seconds .

========================================================================
Received Import Request.
  Time since last request: 0.000207 seconds.
  path: Packages/com.unity.textmeshpro/Editor Resources/Textures/btn_AlignCenter.psd
  artifactKey: Guid(81ed8c76d2bc4a4c95d092c98af4e58f) Importer(815301076,1909f56bfc062723c751e8b465ee728b)
Start importing Packages/com.unity.textmeshpro/Editor Resources/Textures/btn_AlignCenter.psd using Guid(81ed8c76d2bc4a4c95d092c98af4e58f) Importer(815301076,1909f56bfc062723c751e8b465ee728b)  -> (artifact id: '08b65032cf944f91dee952901c4484ca') in 0.006423 seconds 
  Import took 0.009722 seconds .

========================================================================
Received Import Request.
  Time since last request: 0.000244 seconds.
  path: Assets/PolygonNature/Textures/Ground_Textures/BaseGrass_normals.png
  artifactKey: Guid(edddba054057d7c49b0669dc00b76644) Importer(815301076,1909f56bfc062723c751e8b465ee728b)
Start importing Assets/PolygonNature/Textures/Ground_Textures/BaseGrass_normals.png using Guid(edddba054057d7c49b0669dc00b76644) Importer(815301076,1909f56bfc062723c751e8b465ee728b)  -> (artifact id: 'd09e0fd64258ae3ed615622ad78cb418') in 0.028498 seconds 
  Import took 0.031718 seconds .

========================================================================
Received Import Request.
  Time since last request: 0.000327 seconds.
  path: Assets/PolygonNature/Textures/Misc/Black.png
  artifactKey: Guid(2902fd4bd2da5b443b13a9a44a74789b) Importer(815301076,1909f56bfc062723c751e8b465ee728b)
Start importing Assets/PolygonNature/Textures/Misc/Black.png using Guid(2902fd4bd2da5b443b13a9a44a74789b) Importer(815301076,1909f56bfc062723c751e8b465ee728b)  -> (artifact id: '1338063b1245dad4f650bacd197c1ae9') in 0.007588 seconds 
  Import took 0.010460 seconds .

========================================================================
Received Import Request.
  Time since last request: 0.000266 seconds.
  path: Packages/com.unity.textmeshpro/Editor Resources/Textures/btn_AlignBottom_Light.psd
  artifactKey: Guid(585b70cb75dd43efbfead809c30a1731) Importer(815301076,1909f56bfc062723c751e8b465ee728b)
Start importing Packages/com.unity.textmeshpro/Editor Resources/Textures/btn_AlignBottom_Light.psd using Guid(585b70cb75dd43efbfead809c30a1731) Importer(815301076,1909f56bfc062723c751e8b465ee728b)  -> (artifact id: 'a079342de24d14c65f157b6c7e0ae6f7') in 0.006758 seconds 
  Import took 0.009333 seconds .

========================================================================
Received Import Request.
  Time since last request: 0.000346 seconds.
  path: Assets/PolygonNature/Textures/Leaves/Birch_Trunk_Texture.png
  artifactKey: Guid(44fe53d0e7db1d74b995e75b902e7295) Importer(815301076,1909f56bfc062723c751e8b465ee728b)
Start importing Assets/PolygonNature/Textures/Leaves/Birch_Trunk_Texture.png using Guid(44fe53d0e7db1d74b995e75b902e7295) Importer(815301076,1909f56bfc062723c751e8b465ee728b)  -> (artifact id: '087d5274a3d4a919b1fa19bb505f920d') in 0.008843 seconds 
  Import took 0.012851 seconds .

========================================================================
Received Import Request.
  Time since last request: 0.000256 seconds.
  path: Packages/com.unity.collab-proxy/Editor/Collaborate/Assets/Icons/back-dark@2x.png
  artifactKey: Guid(9c6313a5316f8a34b852bf94ff96e3ab) Importer(815301076,1909f56bfc062723c751e8b465ee728b)
Start importing Packages/com.unity.collab-proxy/Editor/Collaborate/Assets/Icons/back-dark@2x.png using Guid(9c6313a5316f8a34b852bf94ff96e3ab) Importer(815301076,1909f56bfc062723c751e8b465ee728b)  -> (artifact id: '626b8d703df2186d7c867ee863820d3e') in 0.006966 seconds 
  Import took 0.009383 seconds .

========================================================================
Received Import Request.
  Time since last request: 0.000203 seconds.
  path: Packages/com.unity.textmeshpro/Editor Resources/Textures/btn_AlignCenter_Light.psd
  artifactKey: Guid(6ace62d30f494c948b71d5594afce11d) Importer(815301076,1909f56bfc062723c751e8b465ee728b)
Start importing Packages/com.unity.textmeshpro/Editor Resources/Textures/btn_AlignCenter_Light.psd using Guid(6ace62d30f494c948b71d5594afce11d) Importer(815301076,1909f56bfc062723c751e8b465ee728b)  -> (artifact id: 'ddc1b025f9f6dd963f126fba6a803bed') in 0.006881 seconds 
  Import took 0.009938 seconds .

========================================================================
Received Import Request.
  Time since last request: 0.000170 seconds.
  path: Packages/com.unity.collab-proxy/Editor/Collaborate/Assets/Icons/added-file-dark@2x.png
  artifactKey: Guid(c223e0c507e2c6549a2cb97441b62cbe) Importer(815301076,1909f56bfc062723c751e8b465ee728b)
Start importing Packages/com.unity.collab-proxy/Editor/Collaborate/Assets/Icons/added-file-dark@2x.png using Guid(c223e0c507e2c6549a2cb97441b62cbe) Importer(815301076,1909f56bfc062723c751e8b465ee728b)  -> (artifact id: 'f9424499d8ed03e8df785259fedae1b3') in 0.006755 seconds 
  Import took 0.009286 seconds .

========================================================================
Received Import Request.
  Time since last request: 0.000206 seconds.
  path: Packages/com.unity.collab-proxy/Editor/Collaborate/Assets/Icons/added-file-light@2x.png
  artifactKey: Guid(ec2e3aa6d0ab8ce4eac29b56d65d61d5) Importer(815301076,1909f56bfc062723c751e8b465ee728b)
Start importing Packages/com.unity.collab-proxy/Editor/Collaborate/Assets/Icons/added-file-light@2x.png using Guid(ec2e3aa6d0ab8ce4eac29b56d65d61d5) Importer(815301076,1909f56bfc062723c751e8b465ee728b)  -> (artifact id: 'a4de0a7a5e4ce4511bc09095573cae8b') in 0.007324 seconds 
  Import took 0.010175 seconds .

========================================================================
Received Import Request.
  Time since last request: 0.000166 seconds.
  path: Packages/com.unity.collab-proxy/Editor/Collaborate/Assets/Icons/back-light.png
  artifactKey: Guid(e676ab7aa99535447a763c9f88bf9260) Importer(815301076,1909f56bfc062723c751e8b465ee728b)
Start importing Packages/com.unity.collab-proxy/Editor/Collaborate/Assets/Icons/back-light.png using Guid(e676ab7aa99535447a763c9f88bf9260) Importer(815301076,1909f56bfc062723c751e8b465ee728b)  -> (artifact id: '31b0a8c754a76bc310ba5fbde663e255') in 0.006542 seconds 
  Import took 0.010052 seconds .

========================================================================
Received Import Request.
  Time since last request: 0.000200 seconds.
  path: Packages/com.unity.textmeshpro/Editor Resources/Textures/btn_AlignBaseLine.psd
  artifactKey: Guid(8bc445bb79654bf496c92d0407840a92) Importer(815301076,1909f56bfc062723c751e8b465ee728b)
Start importing Packages/com.unity.textmeshpro/Editor Resources/Textures/btn_AlignBaseLine.psd using Guid(8bc445bb79654bf496c92d0407840a92) Importer(815301076,1909f56bfc062723c751e8b465ee728b)  -> (artifact id: '7357f28f43c0526a211b844ba791d3eb') in 0.006980 seconds 
  Import took 0.009656 seconds .

========================================================================
Received Import Request.
  Time since last request: 0.000220 seconds.
  path: Packages/com.unity.textmeshpro/Editor Resources/Textures/btn_AlignCapLine_Light.psd
  artifactKey: Guid(49679f302ac6408697f6b9314a38985c) Importer(815301076,1909f56bfc062723c751e8b465ee728b)
Start importing Packages/com.unity.textmeshpro/Editor Resources/Textures/btn_AlignCapLine_Light.psd using Guid(49679f302ac6408697f6b9314a38985c) Importer(815301076,1909f56bfc062723c751e8b465ee728b)  -> (artifact id: 'ba262f6c54a6ef3152a07427159dbd1b') in 0.008790 seconds 
  Import took 0.011488 seconds .

========================================================================
Received Import Request.
  Time since last request: 0.000209 seconds.
  path: Packages/com.unity.collab-proxy/Editor/Collaborate/Assets/Icons/added-file-light.png
  artifactKey: Guid(397fff6c3885f8343bb65714f0064b5d) Importer(815301076,1909f56bfc062723c751e8b465ee728b)
Start importing Packages/com.unity.collab-proxy/Editor/Collaborate/Assets/Icons/added-file-light.png using Guid(397fff6c3885f8343bb65714f0064b5d) Importer(815301076,1909f56bfc062723c751e8b465ee728b)  -> (artifact id: 'c673a4f73ecb39b34c0c364ab5d41a87') in 0.005562 seconds 
  Import took 0.008183 seconds .

========================================================================
Received Import Request.
  Time since last request: 6.002496 seconds.
  path: Assets/Prefabs/Player.prefab
  artifactKey: Guid(aef8c13c91f4ecb47b866c96d1ce34c4) Importer(815301076,1909f56bfc062723c751e8b465ee728b)
Start importing Assets/Prefabs/Player.prefab using Guid(aef8c13c91f4ecb47b866c96d1ce34c4) Importer(815301076,1909f56bfc062723c751e8b465ee728b)  -> (artifact id: '784fed8c78fe40a620ecae69573f73dc') in 0.049369 seconds 
  Import took 0.053677 seconds .

========================================================================
Received Import Request.
  Time since last request: 0.000247 seconds.
  path: Assets/Prefabs/SM_Wep_BlunderBuss_01.prefab
  artifactKey: Guid(35f66bb44f2dcb24ba9982c780c43528) Importer(815301076,1909f56bfc062723c751e8b465ee728b)
Start importing Assets/Prefabs/SM_Wep_BlunderBuss_01.prefab using Guid(35f66bb44f2dcb24ba9982c780c43528) Importer(815301076,1909f56bfc062723c751e8b465ee728b)  -> (artifact id: '719f79ba9a44020e91ea2f96249a6e81') in 0.011104 seconds 
  Import took 0.014316 seconds .

========================================================================
Received Import Request.
  Time since last request: 28.989538 seconds.
  path: Assets/Prefabs/Player.prefab
  artifactKey: Guid(aef8c13c91f4ecb47b866c96d1ce34c4) Importer(815301076,1909f56bfc062723c751e8b465ee728b)
Start importing Assets/Prefabs/Player.prefab using Guid(aef8c13c91f4ecb47b866c96d1ce34c4) Importer(815301076,1909f56bfc062723c751e8b465ee728b)  -> (artifact id: '45b198e4cdcd049478397a64d7b8fce3') in 0.057754 seconds 
  Import took 0.062030 seconds .

========================================================================
Received Import Request.
  Time since last request: 0.000298 seconds.
  path: Assets/Prefabs/SM_Wep_BlunderBuss_01.prefab
  artifactKey: Guid(35f66bb44f2dcb24ba9982c780c43528) Importer(815301076,1909f56bfc062723c751e8b465ee728b)
Start importing Assets/Prefabs/SM_Wep_BlunderBuss_01.prefab using Guid(35f66bb44f2dcb24ba9982c780c43528) Importer(815301076,1909f56bfc062723c751e8b465ee728b)  -> (artifact id: 'aafbcfcdc9c89a8c3226eef229920ae8') in 0.014685 seconds 
  Import took 0.017581 seconds .

========================================================================
Received Import Request.
  Time since last request: 1.122449 seconds.
  path: Assets/Prefabs/Player.prefab
  artifactKey: Guid(aef8c13c91f4ecb47b866c96d1ce34c4) Importer(815301076,1909f56bfc062723c751e8b465ee728b)
Start importing Assets/Prefabs/Player.prefab using Guid(aef8c13c91f4ecb47b866c96d1ce34c4) Importer(815301076,1909f56bfc062723c751e8b465ee728b)  -> (artifact id: 'e8723aa935707b64ac2633c531bac85e') in 0.058231 seconds 
  Import took 0.063004 seconds .

========================================================================
Received Import Request.
  Time since last request: 0.000209 seconds.
  path: Assets/Prefabs/SM_Wep_BlunderBuss_01.prefab
  artifactKey: Guid(35f66bb44f2dcb24ba9982c780c43528) Importer(815301076,1909f56bfc062723c751e8b465ee728b)
Start importing Assets/Prefabs/SM_Wep_BlunderBuss_01.prefab using Guid(35f66bb44f2dcb24ba9982c780c43528) Importer(815301076,1909f56bfc062723c751e8b465ee728b)  -> (artifact id: 'a79ab42da5da8a96ea43b5e4ad518140') in 0.022773 seconds 
  Import took 0.026372 seconds .

========================================================================
Received Import Request.
  Time since last request: 4.347929 seconds.
  path: Assets/Prefabs/Player.prefab
  artifactKey: Guid(aef8c13c91f4ecb47b866c96d1ce34c4) Importer(815301076,1909f56bfc062723c751e8b465ee728b)
Start importing Assets/Prefabs/Player.prefab using Guid(aef8c13c91f4ecb47b866c96d1ce34c4) Importer(815301076,1909f56bfc062723c751e8b465ee728b)  -> (artifact id: '4eafdbc6b613f6ea49ac6c9b8acd474d') in 0.050982 seconds 
  Import took 0.056295 seconds .

========================================================================
Received Import Request.
  Time since last request: 0.000285 seconds.
  path: Assets/Prefabs/SM_Wep_BlunderBuss_01.prefab
  artifactKey: Guid(35f66bb44f2dcb24ba9982c780c43528) Importer(815301076,1909f56bfc062723c751e8b465ee728b)
Start importing Assets/Prefabs/SM_Wep_BlunderBuss_01.prefab using Guid(35f66bb44f2dcb24ba9982c780c43528) Importer(815301076,1909f56bfc062723c751e8b465ee728b)  -> (artifact id: '73f46078190ae01203ab8961dd6ed7f8') in 0.012698 seconds 
  Import took 0.016007 seconds .

========================================================================
Received Import Request.
  Time since last request: 4.363776 seconds.
  path: Assets/Prefabs/Player.prefab
  artifactKey: Guid(aef8c13c91f4ecb47b866c96d1ce34c4) Importer(815301076,1909f56bfc062723c751e8b465ee728b)
Start importing Assets/Prefabs/Player.prefab using Guid(aef8c13c91f4ecb47b866c96d1ce34c4) Importer(815301076,1909f56bfc062723c751e8b465ee728b)  -> (artifact id: '5992a0bd58f03e4910e41e7be9569e51') in 0.055326 seconds 
  Import took 0.059809 seconds .

========================================================================
Received Import Request.
  Time since last request: 0.000274 seconds.
  path: Assets/Prefabs/SM_Wep_BlunderBuss_01.prefab
  artifactKey: Guid(35f66bb44f2dcb24ba9982c780c43528) Importer(815301076,1909f56bfc062723c751e8b465ee728b)
Start importing Assets/Prefabs/SM_Wep_BlunderBuss_01.prefab using Guid(35f66bb44f2dcb24ba9982c780c43528) Importer(815301076,1909f56bfc062723c751e8b465ee728b)  -> (artifact id: '4282a3ac78d04754a5126abe7be7886a') in 0.008903 seconds 
  Import took 0.011830 seconds .

========================================================================
Received Import Request.
  Time since last request: 1.738503 seconds.
  path: Assets/Prefabs/Player.prefab
  artifactKey: Guid(aef8c13c91f4ecb47b866c96d1ce34c4) Importer(815301076,1909f56bfc062723c751e8b465ee728b)
Start importing Assets/Prefabs/Player.prefab using Guid(aef8c13c91f4ecb47b866c96d1ce34c4) Importer(815301076,1909f56bfc062723c751e8b465ee728b)  -> (artifact id: '378592e85132ea413c5343702ae6ecdc') in 0.049707 seconds 
  Import took 0.053930 seconds .

========================================================================
Received Import Request.
  Time since last request: 0.000272 seconds.
  path: Assets/Prefabs/SM_Wep_BlunderBuss_01.prefab
  artifactKey: Guid(35f66bb44f2dcb24ba9982c780c43528) Importer(815301076,1909f56bfc062723c751e8b465ee728b)
Start importing Assets/Prefabs/SM_Wep_BlunderBuss_01.prefab using Guid(35f66bb44f2dcb24ba9982c780c43528) Importer(815301076,1909f56bfc062723c751e8b465ee728b)  -> (artifact id: '00e608d41d37c1f23d12a3c04e3dbaac') in 0.014070 seconds 
  Import took 0.017973 seconds .

========================================================================
Received Import Request.
  Time since last request: 4.962680 seconds.
  path: Assets/Prefabs/Player.prefab
  artifactKey: Guid(aef8c13c91f4ecb47b866c96d1ce34c4) Importer(815301076,1909f56bfc062723c751e8b465ee728b)
Start importing Assets/Prefabs/Player.prefab using Guid(aef8c13c91f4ecb47b866c96d1ce34c4) Importer(815301076,1909f56bfc062723c751e8b465ee728b)  -> (artifact id: '8afadaa781c6b4a829c2dea72673cc64') in 0.067350 seconds 
  Import took 0.071495 seconds .

========================================================================
Received Import Request.
  Time since last request: 0.000315 seconds.
  path: Assets/Prefabs/SM_Wep_BlunderBuss_01.prefab
  artifactKey: Guid(35f66bb44f2dcb24ba9982c780c43528) Importer(815301076,1909f56bfc062723c751e8b465ee728b)
Start importing Assets/Prefabs/SM_Wep_BlunderBuss_01.prefab using Guid(35f66bb44f2dcb24ba9982c780c43528) Importer(815301076,1909f56bfc062723c751e8b465ee728b)  -> (artifact id: 'e5f531bb943171f64ae7a3eab894a2f4') in 0.012756 seconds 
  Import took 0.016098 seconds .

========================================================================
Received Import Request.
  Time since last request: 0.714457 seconds.
  path: Assets/Prefabs/Player.prefab
  artifactKey: Guid(aef8c13c91f4ecb47b866c96d1ce34c4) Importer(815301076,1909f56bfc062723c751e8b465ee728b)
Start importing Assets/Prefabs/Player.prefab using Guid(aef8c13c91f4ecb47b866c96d1ce34c4) Importer(815301076,1909f56bfc062723c751e8b465ee728b)  -> (artifact id: '61c097d48754c56249434c4c1c8b369e') in 0.050635 seconds 
  Import took 0.055185 seconds .

========================================================================
Received Import Request.
  Time since last request: 0.000297 seconds.
  path: Assets/Prefabs/SM_Wep_BlunderBuss_01.prefab
  artifactKey: Guid(35f66bb44f2dcb24ba9982c780c43528) Importer(815301076,1909f56bfc062723c751e8b465ee728b)
Start importing Assets/Prefabs/SM_Wep_BlunderBuss_01.prefab using Guid(35f66bb44f2dcb24ba9982c780c43528) Importer(815301076,1909f56bfc062723c751e8b465ee728b)  -> (artifact id: 'd45fd15da9f56e436505f8d9299ed3ca') in 0.010061 seconds 
  Import took 0.012698 seconds .

========================================================================
Received Import Request.
  Time since last request: 5.577211 seconds.
  path: Assets/Prefabs/Player.prefab
  artifactKey: Guid(aef8c13c91f4ecb47b866c96d1ce34c4) Importer(815301076,1909f56bfc062723c751e8b465ee728b)
Start importing Assets/Prefabs/Player.prefab using Guid(aef8c13c91f4ecb47b866c96d1ce34c4) Importer(815301076,1909f56bfc062723c751e8b465ee728b)  -> (artifact id: 'a5b0dba9bfdfb25831f3b722151d2a43') in 0.050132 seconds 
  Import took 0.054598 seconds .

========================================================================
Received Import Request.
  Time since last request: 0.000239 seconds.
  path: Assets/Prefabs/SM_Wep_BlunderBuss_01.prefab
  artifactKey: Guid(35f66bb44f2dcb24ba9982c780c43528) Importer(815301076,1909f56bfc062723c751e8b465ee728b)
Start importing Assets/Prefabs/SM_Wep_BlunderBuss_01.prefab using Guid(35f66bb44f2dcb24ba9982c780c43528) Importer(815301076,1909f56bfc062723c751e8b465ee728b)  -> (artifact id: 'ddeb67ec7b4f1ed064463dad0eda5535') in 0.014499 seconds 
  Import took 0.017043 seconds .

========================================================================
Received Import Request.
  Time since last request: 11.417615 seconds.
  path: Assets/Prefabs/Player.prefab
  artifactKey: Guid(aef8c13c91f4ecb47b866c96d1ce34c4) Importer(815301076,1909f56bfc062723c751e8b465ee728b)
Start importing Assets/Prefabs/Player.prefab using Guid(aef8c13c91f4ecb47b866c96d1ce34c4) Importer(815301076,1909f56bfc062723c751e8b465ee728b)  -> (artifact id: 'd7ab847e43559abd4f87eaaaa662c97d') in 0.065472 seconds 
  Import took 0.070877 seconds .

========================================================================
Received Import Request.
  Time since last request: 0.000301 seconds.
  path: Assets/Prefabs/SM_Wep_BlunderBuss_01.prefab
  artifactKey: Guid(35f66bb44f2dcb24ba9982c780c43528) Importer(815301076,1909f56bfc062723c751e8b465ee728b)
Start importing Assets/Prefabs/SM_Wep_BlunderBuss_01.prefab using Guid(35f66bb44f2dcb24ba9982c780c43528) Importer(815301076,1909f56bfc062723c751e8b465ee728b)  -> (artifact id: 'bbe54cc9cd2ef7c5e15b4cf450757a57') in 0.011511 seconds 
  Import took 0.014665 seconds .

========================================================================
Received Import Request.
  Time since last request: 6.765200 seconds.
  path: Assets/Prefabs/Player.prefab
  artifactKey: Guid(aef8c13c91f4ecb47b866c96d1ce34c4) Importer(815301076,1909f56bfc062723c751e8b465ee728b)
Start importing Assets/Prefabs/Player.prefab using Guid(aef8c13c91f4ecb47b866c96d1ce34c4) Importer(815301076,1909f56bfc062723c751e8b465ee728b)  -> (artifact id: 'f017147b3299241ec2d78f8c51140042') in 0.049717 seconds 
  Import took 0.054138 seconds .

========================================================================
Received Import Request.
  Time since last request: 0.000303 seconds.
  path: Assets/Prefabs/SM_Wep_BlunderBuss_01.prefab
  artifactKey: Guid(35f66bb44f2dcb24ba9982c780c43528) Importer(815301076,1909f56bfc062723c751e8b465ee728b)
Start importing Assets/Prefabs/SM_Wep_BlunderBuss_01.prefab using Guid(35f66bb44f2dcb24ba9982c780c43528) Importer(815301076,1909f56bfc062723c751e8b465ee728b)  -> (artifact id: 'bedb20832136e47154143a29c7e4d513') in 0.013312 seconds 
  Import took 0.016060 seconds .

========================================================================
Received Import Request.
  Time since last request: 5.170739 seconds.
  path: Assets/Prefabs/Player.prefab
  artifactKey: Guid(aef8c13c91f4ecb47b866c96d1ce34c4) Importer(815301076,1909f56bfc062723c751e8b465ee728b)
Start importing Assets/Prefabs/Player.prefab using Guid(aef8c13c91f4ecb47b866c96d1ce34c4) Importer(815301076,1909f56bfc062723c751e8b465ee728b)  -> (artifact id: 'd81fe93f05ae70c1ec0881085d6c3f10') in 0.050906 seconds 
  Import took 0.056072 seconds .

========================================================================
Received Import Request.
  Time since last request: 0.000244 seconds.
  path: Assets/Prefabs/SM_Wep_BlunderBuss_01.prefab
  artifactKey: Guid(35f66bb44f2dcb24ba9982c780c43528) Importer(815301076,1909f56bfc062723c751e8b465ee728b)
Start importing Assets/Prefabs/SM_Wep_BlunderBuss_01.prefab using Guid(35f66bb44f2dcb24ba9982c780c43528) Importer(815301076,1909f56bfc062723c751e8b465ee728b)  -> (artifact id: '73e2c7db587b903fc0b70166231a38c0') in 0.012256 seconds 
  Import took 0.015507 seconds .

========================================================================
Received Import Request.
  Time since last request: 5.769578 seconds.
  path: Assets/Prefabs/Player.prefab
  artifactKey: Guid(aef8c13c91f4ecb47b866c96d1ce34c4) Importer(815301076,1909f56bfc062723c751e8b465ee728b)
Start importing Assets/Prefabs/Player.prefab using Guid(aef8c13c91f4ecb47b866c96d1ce34c4) Importer(815301076,1909f56bfc062723c751e8b465ee728b)  -> (artifact id: '37226e8cc459fd5bc415454b6a0a9913') in 0.068284 seconds 
  Import took 0.072671 seconds .

========================================================================
Received Import Request.
  Time since last request: 0.000203 seconds.
  path: Assets/Prefabs/SM_Wep_BlunderBuss_01.prefab
  artifactKey: Guid(35f66bb44f2dcb24ba9982c780c43528) Importer(815301076,1909f56bfc062723c751e8b465ee728b)
Start importing Assets/Prefabs/SM_Wep_BlunderBuss_01.prefab using Guid(35f66bb44f2dcb24ba9982c780c43528) Importer(815301076,1909f56bfc062723c751e8b465ee728b)  -> (artifact id: '97cadb26069734a3691b72af47c991dc') in 0.015614 seconds 
  Import took 0.018936 seconds .

========================================================================
Received Import Request.
  Time since last request: 1.315764 seconds.
  path: Assets/Prefabs/Player.prefab
  artifactKey: Guid(aef8c13c91f4ecb47b866c96d1ce34c4) Importer(815301076,1909f56bfc062723c751e8b465ee728b)
Start importing Assets/Prefabs/Player.prefab using Guid(aef8c13c91f4ecb47b866c96d1ce34c4) Importer(815301076,1909f56bfc062723c751e8b465ee728b)  -> (artifact id: '3f5ffd0e940d262e8511b78a570f987e') in 0.059041 seconds 
  Import took 0.064542 seconds .

========================================================================
Received Import Request.
  Time since last request: 0.000207 seconds.
  path: Assets/Prefabs/SM_Wep_BlunderBuss_01.prefab
  artifactKey: Guid(35f66bb44f2dcb24ba9982c780c43528) Importer(815301076,1909f56bfc062723c751e8b465ee728b)
Start importing Assets/Prefabs/SM_Wep_BlunderBuss_01.prefab using Guid(35f66bb44f2dcb24ba9982c780c43528) Importer(815301076,1909f56bfc062723c751e8b465ee728b)  -> (artifact id: '820bb96e57965716d8667bdabf9b4ed7') in 0.011024 seconds 
  Import took 0.013824 seconds .

========================================================================
Received Import Request.
  Time since last request: 4.561847 seconds.
  path: Assets/Prefabs/Player.prefab
  artifactKey: Guid(aef8c13c91f4ecb47b866c96d1ce34c4) Importer(815301076,1909f56bfc062723c751e8b465ee728b)
Start importing Assets/Prefabs/Player.prefab using Guid(aef8c13c91f4ecb47b866c96d1ce34c4) Importer(815301076,1909f56bfc062723c751e8b465ee728b)  -> (artifact id: '3cce260011265b3713e2c5d872781742') in 0.048772 seconds 
  Import took 0.053274 seconds .

========================================================================
Received Import Request.
  Time since last request: 0.000278 seconds.
  path: Assets/Prefabs/SM_Wep_BlunderBuss_01.prefab
  artifactKey: Guid(35f66bb44f2dcb24ba9982c780c43528) Importer(815301076,1909f56bfc062723c751e8b465ee728b)
Start importing Assets/Prefabs/SM_Wep_BlunderBuss_01.prefab using Guid(35f66bb44f2dcb24ba9982c780c43528) Importer(815301076,1909f56bfc062723c751e8b465ee728b)  -> (artifact id: 'e942a069c0f34d81f3fd52794cd5e924') in 0.012939 seconds 
  Import took 0.015981 seconds .

========================================================================
Received Import Request.
  Time since last request: 39.968425 seconds.
  path: Assets/Prefabs/Player.prefab
  artifactKey: Guid(aef8c13c91f4ecb47b866c96d1ce34c4) Importer(815301076,1909f56bfc062723c751e8b465ee728b)
Start importing Assets/Prefabs/Player.prefab using Guid(aef8c13c91f4ecb47b866c96d1ce34c4) Importer(815301076,1909f56bfc062723c751e8b465ee728b)  -> (artifact id: 'fbaf18885e33d16d17627e8475f61e5a') in 0.073384 seconds 
  Import took 0.080896 seconds .

========================================================================
Received Import Request.
  Time since last request: 0.000242 seconds.
  path: Assets/Prefabs/SM_Wep_BlunderBuss_01.prefab
  artifactKey: Guid(35f66bb44f2dcb24ba9982c780c43528) Importer(815301076,1909f56bfc062723c751e8b465ee728b)
Start importing Assets/Prefabs/SM_Wep_BlunderBuss_01.prefab using Guid(35f66bb44f2dcb24ba9982c780c43528) Importer(815301076,1909f56bfc062723c751e8b465ee728b)  -> (artifact id: '6b8bc4651672290d787826e4ed946e96') in 0.011855 seconds 
  Import took 0.014581 seconds .

========================================================================
Received Import Request.
  Time since last request: 29.752030 seconds.
  path: Assets/Prefabs/Player.prefab
  artifactKey: Guid(aef8c13c91f4ecb47b866c96d1ce34c4) Importer(815301076,1909f56bfc062723c751e8b465ee728b)
Start importing Assets/Prefabs/Player.prefab using Guid(aef8c13c91f4ecb47b866c96d1ce34c4) Importer(815301076,1909f56bfc062723c751e8b465ee728b)  -> (artifact id: 'fe4ff99beb763db714733915dcc68f0e') in 0.054965 seconds 
  Import took 0.059142 seconds .

========================================================================
Received Import Request.
  Time since last request: 0.000305 seconds.
  path: Assets/Prefabs/SM_Wep_BlunderBuss_01.prefab
  artifactKey: Guid(35f66bb44f2dcb24ba9982c780c43528) Importer(815301076,1909f56bfc062723c751e8b465ee728b)
Start importing Assets/Prefabs/SM_Wep_BlunderBuss_01.prefab using Guid(35f66bb44f2dcb24ba9982c780c43528) Importer(815301076,1909f56bfc062723c751e8b465ee728b)  -> (artifact id: '24913e3db93735160eca305522df735d') in 0.010800 seconds 
  Import took 0.014266 seconds .

========================================================================
Received Import Request.
  Time since last request: 27.557765 seconds.
  path: Assets/Prefabs/Player.prefab
  artifactKey: Guid(aef8c13c91f4ecb47b866c96d1ce34c4) Importer(815301076,1909f56bfc062723c751e8b465ee728b)
Start importing Assets/Prefabs/Player.prefab using Guid(aef8c13c91f4ecb47b866c96d1ce34c4) Importer(815301076,1909f56bfc062723c751e8b465ee728b)  -> (artifact id: '6b65569e75461ed49c13e8ac0f2d6b21') in 0.056519 seconds 
  Import took 0.061631 seconds .

========================================================================
Received Import Request.
  Time since last request: 0.000201 seconds.
  path: Assets/Prefabs/SM_Wep_BlunderBuss_01.prefab
  artifactKey: Guid(35f66bb44f2dcb24ba9982c780c43528) Importer(815301076,1909f56bfc062723c751e8b465ee728b)
Start importing Assets/Prefabs/SM_Wep_BlunderBuss_01.prefab using Guid(35f66bb44f2dcb24ba9982c780c43528) Importer(815301076,1909f56bfc062723c751e8b465ee728b)  -> (artifact id: '71ee4e8c2b4c0852fbed0097b10125cf') in 0.011672 seconds 
  Import took 0.014243 seconds .

========================================================================
Received Import Request.
  Time since last request: 2.333106 seconds.
  path: Assets/Prefabs/Player.prefab
  artifactKey: Guid(aef8c13c91f4ecb47b866c96d1ce34c4) Importer(815301076,1909f56bfc062723c751e8b465ee728b)
Start importing Assets/Prefabs/Player.prefab using Guid(aef8c13c91f4ecb47b866c96d1ce34c4) Importer(815301076,1909f56bfc062723c751e8b465ee728b)  -> (artifact id: '1fea844faa245fd15e822f1e811e92ac') in 0.051654 seconds 
  Import took 0.055613 seconds .

========================================================================
Received Import Request.
  Time since last request: 0.000309 seconds.
  path: Assets/Prefabs/SM_Wep_BlunderBuss_01.prefab
  artifactKey: Guid(35f66bb44f2dcb24ba9982c780c43528) Importer(815301076,1909f56bfc062723c751e8b465ee728b)
Start importing Assets/Prefabs/SM_Wep_BlunderBuss_01.prefab using Guid(35f66bb44f2dcb24ba9982c780c43528) Importer(815301076,1909f56bfc062723c751e8b465ee728b)  -> (artifact id: 'e1b09e4aa993eabc2f7135bf44f39fa9') in 0.013012 seconds 
  Import took 0.016083 seconds .

========================================================================
Received Import Request.
  Time since last request: 30.262201 seconds.
  path: Assets/Prefabs/Player.prefab
  artifactKey: Guid(aef8c13c91f4ecb47b866c96d1ce34c4) Importer(815301076,1909f56bfc062723c751e8b465ee728b)
Start importing Assets/Prefabs/Player.prefab using Guid(aef8c13c91f4ecb47b866c96d1ce34c4) Importer(815301076,1909f56bfc062723c751e8b465ee728b)  -> (artifact id: 'e25e2b7fa50f5875e4316d346d02372b') in 0.048927 seconds 
  Import took 0.053255 seconds .

========================================================================
Received Import Request.
  Time since last request: 0.000300 seconds.
  path: Assets/Prefabs/SM_Wep_BlunderBuss_01.prefab
  artifactKey: Guid(35f66bb44f2dcb24ba9982c780c43528) Importer(815301076,1909f56bfc062723c751e8b465ee728b)
Start importing Assets/Prefabs/SM_Wep_BlunderBuss_01.prefab using Guid(35f66bb44f2dcb24ba9982c780c43528) Importer(815301076,1909f56bfc062723c751e8b465ee728b)  -> (artifact id: '909e56b4012703a7d1c407bd1a23c579') in 0.014398 seconds 
  Import took 0.016969 seconds .

========================================================================
Received Import Request.
  Time since last request: 1.541808 seconds.
  path: Assets/Prefabs/Player.prefab
  artifactKey: Guid(aef8c13c91f4ecb47b866c96d1ce34c4) Importer(815301076,1909f56bfc062723c751e8b465ee728b)
Start importing Assets/Prefabs/Player.prefab using Guid(aef8c13c91f4ecb47b866c96d1ce34c4) Importer(815301076,1909f56bfc062723c751e8b465ee728b)  -> (artifact id: 'eef5b40506877bc3dba3067c7d8afc8a') in 0.045639 seconds 
  Import took 0.049937 seconds .

========================================================================
Received Import Request.
  Time since last request: 0.000311 seconds.
  path: Assets/Prefabs/SM_Wep_BlunderBuss_01.prefab
  artifactKey: Guid(35f66bb44f2dcb24ba9982c780c43528) Importer(815301076,1909f56bfc062723c751e8b465ee728b)
Start importing Assets/Prefabs/SM_Wep_BlunderBuss_01.prefab using Guid(35f66bb44f2dcb24ba9982c780c43528) Importer(815301076,1909f56bfc062723c751e8b465ee728b)  -> (artifact id: 'e59329164830e3ced9a7c470eb744202') in 0.014341 seconds 
  Import took 0.016918 seconds .

========================================================================
Received Import Request.
  Time since last request: 1.743986 seconds.
  path: Assets/Prefabs/Player.prefab
  artifactKey: Guid(aef8c13c91f4ecb47b866c96d1ce34c4) Importer(815301076,1909f56bfc062723c751e8b465ee728b)
Start importing Assets/Prefabs/Player.prefab using Guid(aef8c13c91f4ecb47b866c96d1ce34c4) Importer(815301076,1909f56bfc062723c751e8b465ee728b)  -> (artifact id: '5627d9d4110728af46e469a68dd7f66b') in 0.048733 seconds 
  Import took 0.053257 seconds .

========================================================================
Received Import Request.
  Time since last request: 0.000288 seconds.
  path: Assets/Prefabs/SM_Wep_BlunderBuss_01.prefab
  artifactKey: Guid(35f66bb44f2dcb24ba9982c780c43528) Importer(815301076,1909f56bfc062723c751e8b465ee728b)
Start importing Assets/Prefabs/SM_Wep_BlunderBuss_01.prefab using Guid(35f66bb44f2dcb24ba9982c780c43528) Importer(815301076,1909f56bfc062723c751e8b465ee728b)  -> (artifact id: 'd951694b7e97e9fa7676c4eed544ab98') in 0.012032 seconds 
  Import took 0.015739 seconds .

========================================================================
Received Prepare
Registering precompiled user dll's ...
Registered in 0.003598 seconds.
Begin MonoManager ReloadAssembly
Native extension for WindowsStandalone target not found
Refreshing native plugins compatible for Editor in 0.49 ms, found 2 plugins.
Preloading 0 native plugins for Editor in 0.00 ms.
Mono: successfully reloaded assembly
- Completed reload, in  0.922 seconds
Domain Reload Profiling:
	ReloadAssembly (922ms)
		BeginReloadAssembly (117ms)
			ExecutionOrderSort (0ms)
			DisableScriptedObjects (4ms)
			BackupInstance (0ms)
			ReleaseScriptingObjects (0ms)
			CreateAndSetChildDomain (30ms)
		EndReloadAssembly (744ms)
			LoadAssemblies (75ms)
			RebuildTransferFunctionScriptingTraits (0ms)
			SetupTypeCache (274ms)
			ReleaseScriptCaches (1ms)
			RebuildScriptCaches (35ms)
			SetupLoadedEditorAssemblies (273ms)
				LogAssemblyErrors (0ms)
				InitializePlatformSupportModulesInManaged (4ms)
				SetLoadedEditorAssemblies (0ms)
				RefreshPlugins (1ms)
				BeforeProcessingInitializeOnLoad (75ms)
				ProcessInitializeOnLoadAttributes (178ms)
				ProcessInitializeOnLoadMethodAttributes (8ms)
				AfterProcessingInitializeOnLoad (6ms)
				EditorAssembliesLoaded (0ms)
			ExecutionOrderSort2 (0ms)
			AwakeInstancesAfterBackupRestoration (6ms)
Platform modules already initialized, skipping
Refreshing native plugins compatible for Editor in 0.50 ms, found 2 plugins.
Preloading 0 native plugins for Editor in 0.00 ms.
Unloading 1508 Unused Serialized files (Serialized files now loaded: 0)
System memory in use before: 90.5 MB.
System memory in use after: 90.6 MB.

Unloading 14 unused Assets to reduce memory usage. Loaded Objects now: 1969.
Total: 2.442000 ms (FindLiveObjects: 0.128200 ms CreateObjectMapping: 0.044500 ms MarkObjects: 2.253900 ms  DeleteObjects: 0.014500 ms)

AssetImportParameters requested are different than current active one (requested -> active):
  custom:framework-win-MediaFoundation: 216162199b28c13a410421893ffa2e32 -> 
  custom:video-decoder-ogg-theora: a1e56fd34408186e4bbccfd4996cb3dc -> 
  custom:container-muxer-webm: aa71ff27fc2769a1b78a27578f13a17b -> 
  custom:container-demuxer-webm: 4f35f7cbe854078d1ac9338744f61a02 -> 
  custom:container-demuxer-ogg: 62fdf1f143b41e24485cea50d1cbac27 -> 
  custom:video-encoder-webm-vp8: eb34c28f22e8b96e1ab97ce403110664 -> 
  custom:video-decoder-webm-vp8: 9c59270c3fd7afecdb556c50c9e8de78 -> 
  custom:audio-decoder-ogg-vorbis: bf7c407c2cedff20999df2af8eb42d56 -> 
  custom:audio-encoder-webm-vorbis: bf7c407c2cedff20999df2af8eb42d56 -> 
========================================================================
Received Import Request.
  Time since last request: 111.849343 seconds.
  path: Assets/Prefabs/SM_Wep_BlunderBuss_01.prefab
  artifactKey: Guid(35f66bb44f2dcb24ba9982c780c43528) Importer(815301076,1909f56bfc062723c751e8b465ee728b)
Start importing Assets/Prefabs/SM_Wep_BlunderBuss_01.prefab using Guid(35f66bb44f2dcb24ba9982c780c43528) Importer(815301076,1909f56bfc062723c751e8b465ee728b)  -> (artifact id: '3cd4a3a7d5a6106dfe53a707ad033862') in 0.060812 seconds 
  Import took 0.063214 seconds .

========================================================================
Received Import Request.
  Time since last request: 0.000311 seconds.
  path: Assets/Prefabs/Player.prefab
  artifactKey: Guid(aef8c13c91f4ecb47b866c96d1ce34c4) Importer(815301076,1909f56bfc062723c751e8b465ee728b)
Start importing Assets/Prefabs/Player.prefab using Guid(aef8c13c91f4ecb47b866c96d1ce34c4) Importer(815301076,1909f56bfc062723c751e8b465ee728b)  -> (artifact id: 'ea44f865c486d9fb2cfddc04d9831ee9') in 0.057421 seconds 
  Import took 0.061307 seconds .

========================================================================
Received Prepare
Registering precompiled user dll's ...
Registered in 0.002985 seconds.
Begin MonoManager ReloadAssembly
Native extension for WindowsStandalone target not found
Refreshing native plugins compatible for Editor in 0.49 ms, found 2 plugins.
Preloading 0 native plugins for Editor in 0.00 ms.
Mono: successfully reloaded assembly
- Completed reload, in  0.895 seconds
Domain Reload Profiling:
	ReloadAssembly (895ms)
		BeginReloadAssembly (111ms)
			ExecutionOrderSort (0ms)
			DisableScriptedObjects (4ms)
			BackupInstance (0ms)
			ReleaseScriptingObjects (0ms)
			CreateAndSetChildDomain (31ms)
		EndReloadAssembly (726ms)
			LoadAssemblies (84ms)
			RebuildTransferFunctionScriptingTraits (0ms)
			SetupTypeCache (271ms)
			ReleaseScriptCaches (1ms)
			RebuildScriptCaches (35ms)
			SetupLoadedEditorAssemblies (252ms)
				LogAssemblyErrors (0ms)
				InitializePlatformSupportModulesInManaged (4ms)
				SetLoadedEditorAssemblies (0ms)
				RefreshPlugins (1ms)
				BeforeProcessingInitializeOnLoad (68ms)
				ProcessInitializeOnLoadAttributes (165ms)
				ProcessInitializeOnLoadMethodAttributes (8ms)
				AfterProcessingInitializeOnLoad (6ms)
				EditorAssembliesLoaded (0ms)
			ExecutionOrderSort2 (0ms)
			AwakeInstancesAfterBackupRestoration (6ms)
Platform modules already initialized, skipping
Refreshing native plugins compatible for Editor in 0.61 ms, found 2 plugins.
Preloading 0 native plugins for Editor in 0.00 ms.
Unloading 1508 Unused Serialized files (Serialized files now loaded: 0)
System memory in use before: 90.5 MB.
System memory in use after: 90.6 MB.

Unloading 14 unused Assets to reduce memory usage. Loaded Objects now: 1972.
Total: 2.417500 ms (FindLiveObjects: 0.136600 ms CreateObjectMapping: 0.051400 ms MarkObjects: 2.208800 ms  DeleteObjects: 0.019700 ms)

AssetImportParameters requested are different than current active one (requested -> active):
  custom:framework-win-MediaFoundation: 216162199b28c13a410421893ffa2e32 -> 
  custom:video-decoder-ogg-theora: a1e56fd34408186e4bbccfd4996cb3dc -> 
  custom:container-muxer-webm: aa71ff27fc2769a1b78a27578f13a17b -> 
  custom:container-demuxer-webm: 4f35f7cbe854078d1ac9338744f61a02 -> 
  custom:container-demuxer-ogg: 62fdf1f143b41e24485cea50d1cbac27 -> 
  custom:video-encoder-webm-vp8: eb34c28f22e8b96e1ab97ce403110664 -> 
  custom:video-decoder-webm-vp8: 9c59270c3fd7afecdb556c50c9e8de78 -> 
  custom:audio-decoder-ogg-vorbis: bf7c407c2cedff20999df2af8eb42d56 -> 
  custom:audio-encoder-webm-vorbis: bf7c407c2cedff20999df2af8eb42d56 -> 
========================================================================
Received Prepare
Registering precompiled user dll's ...
Registered in 0.002531 seconds.
Begin MonoManager ReloadAssembly
Native extension for WindowsStandalone target not found
Refreshing native plugins compatible for Editor in 0.49 ms, found 2 plugins.
Preloading 0 native plugins for Editor in 0.00 ms.
Mono: successfully reloaded assembly
- Completed reload, in  0.907 seconds
Domain Reload Profiling:
	ReloadAssembly (907ms)
		BeginReloadAssembly (103ms)
			ExecutionOrderSort (0ms)
			DisableScriptedObjects (4ms)
			BackupInstance (0ms)
			ReleaseScriptingObjects (0ms)
			CreateAndSetChildDomain (36ms)
		EndReloadAssembly (739ms)
			LoadAssemblies (86ms)
			RebuildTransferFunctionScriptingTraits (0ms)
			SetupTypeCache (285ms)
			ReleaseScriptCaches (1ms)
			RebuildScriptCaches (34ms)
			SetupLoadedEditorAssemblies (251ms)
				LogAssemblyErrors (0ms)
				InitializePlatformSupportModulesInManaged (4ms)
				SetLoadedEditorAssemblies (0ms)
				RefreshPlugins (1ms)
				BeforeProcessingInitializeOnLoad (64ms)
				ProcessInitializeOnLoadAttributes (168ms)
				ProcessInitializeOnLoadMethodAttributes (8ms)
				AfterProcessingInitializeOnLoad (6ms)
				EditorAssembliesLoaded (0ms)
			ExecutionOrderSort2 (0ms)
			AwakeInstancesAfterBackupRestoration (6ms)
Platform modules already initialized, skipping
Refreshing native plugins compatible for Editor in 0.50 ms, found 2 plugins.
Preloading 0 native plugins for Editor in 0.00 ms.
Unloading 1508 Unused Serialized files (Serialized files now loaded: 0)
System memory in use before: 90.5 MB.
System memory in use after: 90.6 MB.

Unloading 14 unused Assets to reduce memory usage. Loaded Objects now: 1974.
Total: 2.486300 ms (FindLiveObjects: 0.115000 ms CreateObjectMapping: 0.040900 ms MarkObjects: 2.311600 ms  DeleteObjects: 0.017500 ms)

AssetImportParameters requested are different than current active one (requested -> active):
  custom:framework-win-MediaFoundation: 216162199b28c13a410421893ffa2e32 -> 
  custom:video-decoder-ogg-theora: a1e56fd34408186e4bbccfd4996cb3dc -> 
  custom:container-muxer-webm: aa71ff27fc2769a1b78a27578f13a17b -> 
  custom:container-demuxer-webm: 4f35f7cbe854078d1ac9338744f61a02 -> 
  custom:container-demuxer-ogg: 62fdf1f143b41e24485cea50d1cbac27 -> 
  custom:video-encoder-webm-vp8: eb34c28f22e8b96e1ab97ce403110664 -> 
  custom:video-decoder-webm-vp8: 9c59270c3fd7afecdb556c50c9e8de78 -> 
  custom:audio-decoder-ogg-vorbis: bf7c407c2cedff20999df2af8eb42d56 -> 
  custom:audio-encoder-webm-vorbis: bf7c407c2cedff20999df2af8eb42d56 -> 
========================================================================
Received Import Request.
  Time since last request: 554.556576 seconds.
  path: Assets/Prefabs/Player.prefab
  artifactKey: Guid(aef8c13c91f4ecb47b866c96d1ce34c4) Importer(815301076,1909f56bfc062723c751e8b465ee728b)
Start importing Assets/Prefabs/Player.prefab using Guid(aef8c13c91f4ecb47b866c96d1ce34c4) Importer(815301076,1909f56bfc062723c751e8b465ee728b)  -> (artifact id: '5e2e4f64bf00abbfa507b7b987989a40') in 0.113347 seconds 
  Import took 0.118112 seconds .

========================================================================
Received Import Request.
  Time since last request: 0.000300 seconds.
  path: Assets/Prefabs/SM_Wep_BlunderBuss_01.prefab
  artifactKey: Guid(35f66bb44f2dcb24ba9982c780c43528) Importer(815301076,1909f56bfc062723c751e8b465ee728b)
Start importing Assets/Prefabs/SM_Wep_BlunderBuss_01.prefab using Guid(35f66bb44f2dcb24ba9982c780c43528) Importer(815301076,1909f56bfc062723c751e8b465ee728b)  -> (artifact id: 'fe732773b50d9e1441471d5866674c12') in 0.009307 seconds 
  Import took 0.012121 seconds .

========================================================================
Received Import Request.
  Time since last request: 6.623728 seconds.
  path: Assets/Prefabs/Player.prefab
  artifactKey: Guid(aef8c13c91f4ecb47b866c96d1ce34c4) Importer(815301076,1909f56bfc062723c751e8b465ee728b)
Start importing Assets/Prefabs/Player.prefab using Guid(aef8c13c91f4ecb47b866c96d1ce34c4) Importer(815301076,1909f56bfc062723c751e8b465ee728b)  -> (artifact id: '113e477efe3de0c74ca2b8644cf92a90') in 0.051199 seconds 
  Import took 0.056569 seconds .

========================================================================
Received Import Request.
  Time since last request: 0.000266 seconds.
  path: Assets/Prefabs/SM_Wep_BlunderBuss_01.prefab
  artifactKey: Guid(35f66bb44f2dcb24ba9982c780c43528) Importer(815301076,1909f56bfc062723c751e8b465ee728b)
Start importing Assets/Prefabs/SM_Wep_BlunderBuss_01.prefab using Guid(35f66bb44f2dcb24ba9982c780c43528) Importer(815301076,1909f56bfc062723c751e8b465ee728b)  -> (artifact id: '0984eab76975e892fba62c10f35946d8') in 0.009987 seconds 
  Import took 0.012894 seconds .

========================================================================
Received Prepare
Registering precompiled user dll's ...
Registered in 0.003774 seconds.
Begin MonoManager ReloadAssembly
Native extension for WindowsStandalone target not found
Refreshing native plugins compatible for Editor in 0.59 ms, found 2 plugins.
Preloading 0 native plugins for Editor in 0.00 ms.
Mono: successfully reloaded assembly
- Completed reload, in  0.900 seconds
Domain Reload Profiling:
	ReloadAssembly (901ms)
		BeginReloadAssembly (98ms)
			ExecutionOrderSort (0ms)
			DisableScriptedObjects (4ms)
			BackupInstance (0ms)
			ReleaseScriptingObjects (0ms)
			CreateAndSetChildDomain (30ms)
		EndReloadAssembly (746ms)
			LoadAssemblies (76ms)
			RebuildTransferFunctionScriptingTraits (0ms)
			SetupTypeCache (271ms)
			ReleaseScriptCaches (1ms)
			RebuildScriptCaches (35ms)
			SetupLoadedEditorAssemblies (272ms)
				LogAssemblyErrors (0ms)
				InitializePlatformSupportModulesInManaged (4ms)
				SetLoadedEditorAssemblies (0ms)
				RefreshPlugins (1ms)
				BeforeProcessingInitializeOnLoad (72ms)
				ProcessInitializeOnLoadAttributes (181ms)
				ProcessInitializeOnLoadMethodAttributes (9ms)
				AfterProcessingInitializeOnLoad (6ms)
				EditorAssembliesLoaded (0ms)
			ExecutionOrderSort2 (0ms)
			AwakeInstancesAfterBackupRestoration (9ms)
Platform modules already initialized, skipping
Refreshing native plugins compatible for Editor in 0.55 ms, found 2 plugins.
Preloading 0 native plugins for Editor in 0.00 ms.
Unloading 1508 Unused Serialized files (Serialized files now loaded: 0)
System memory in use before: 90.5 MB.
System memory in use after: 90.7 MB.

Unloading 14 unused Assets to reduce memory usage. Loaded Objects now: 1977.
Total: 8.721200 ms (FindLiveObjects: 0.149700 ms CreateObjectMapping: 0.050100 ms MarkObjects: 8.491900 ms  DeleteObjects: 0.027800 ms)

AssetImportParameters requested are different than current active one (requested -> active):
  custom:framework-win-MediaFoundation: 216162199b28c13a410421893ffa2e32 -> 
  custom:video-decoder-ogg-theora: a1e56fd34408186e4bbccfd4996cb3dc -> 
  custom:container-muxer-webm: aa71ff27fc2769a1b78a27578f13a17b -> 
  custom:container-demuxer-webm: 4f35f7cbe854078d1ac9338744f61a02 -> 
  custom:container-demuxer-ogg: 62fdf1f143b41e24485cea50d1cbac27 -> 
  custom:video-encoder-webm-vp8: eb34c28f22e8b96e1ab97ce403110664 -> 
  custom:video-decoder-webm-vp8: 9c59270c3fd7afecdb556c50c9e8de78 -> 
  custom:audio-decoder-ogg-vorbis: bf7c407c2cedff20999df2af8eb42d56 -> 
  custom:audio-encoder-webm-vorbis: bf7c407c2cedff20999df2af8eb42d56 -> 
========================================================================
Received Prepare
Registering precompiled user dll's ...
Registered in 0.002970 seconds.
Begin MonoManager ReloadAssembly
Native extension for WindowsStandalone target not found
Refreshing native plugins compatible for Editor in 0.52 ms, found 2 plugins.
Preloading 0 native plugins for Editor in 0.00 ms.
Mono: successfully reloaded assembly
- Completed reload, in  0.853 seconds
Domain Reload Profiling:
	ReloadAssembly (854ms)
		BeginReloadAssembly (96ms)
			ExecutionOrderSort (0ms)
			DisableScriptedObjects (5ms)
			BackupInstance (0ms)
			ReleaseScriptingObjects (0ms)
			CreateAndSetChildDomain (26ms)
		EndReloadAssembly (701ms)
			LoadAssemblies (77ms)
			RebuildTransferFunctionScriptingTraits (0ms)
			SetupTypeCache (251ms)
			ReleaseScriptCaches (1ms)
			RebuildScriptCaches (36ms)
			SetupLoadedEditorAssemblies (255ms)
				LogAssemblyErrors (0ms)
				InitializePlatformSupportModulesInManaged (4ms)
				SetLoadedEditorAssemblies (0ms)
				RefreshPlugins (1ms)
				BeforeProcessingInitializeOnLoad (65ms)
				ProcessInitializeOnLoadAttributes (171ms)
				ProcessInitializeOnLoadMethodAttributes (8ms)
				AfterProcessingInitializeOnLoad (6ms)
				EditorAssembliesLoaded (0ms)
			ExecutionOrderSort2 (0ms)
			AwakeInstancesAfterBackupRestoration (7ms)
Platform modules already initialized, skipping
Refreshing native plugins compatible for Editor in 0.56 ms, found 2 plugins.
Preloading 0 native plugins for Editor in 0.00 ms.
Unloading 1508 Unused Serialized files (Serialized files now loaded: 0)
System memory in use before: 90.6 MB.
System memory in use after: 90.7 MB.

Unloading 14 unused Assets to reduce memory usage. Loaded Objects now: 1979.
Total: 2.473800 ms (FindLiveObjects: 0.128800 ms CreateObjectMapping: 0.045900 ms MarkObjects: 2.283500 ms  DeleteObjects: 0.014700 ms)

AssetImportParameters requested are different than current active one (requested -> active):
  custom:framework-win-MediaFoundation: 216162199b28c13a410421893ffa2e32 -> 
  custom:video-decoder-ogg-theora: a1e56fd34408186e4bbccfd4996cb3dc -> 
  custom:container-muxer-webm: aa71ff27fc2769a1b78a27578f13a17b -> 
  custom:container-demuxer-webm: 4f35f7cbe854078d1ac9338744f61a02 -> 
  custom:container-demuxer-ogg: 62fdf1f143b41e24485cea50d1cbac27 -> 
  custom:video-encoder-webm-vp8: eb34c28f22e8b96e1ab97ce403110664 -> 
  custom:video-decoder-webm-vp8: 9c59270c3fd7afecdb556c50c9e8de78 -> 
  custom:audio-decoder-ogg-vorbis: bf7c407c2cedff20999df2af8eb42d56 -> 
  custom:audio-encoder-webm-vorbis: bf7c407c2cedff20999df2af8eb42d56 -> 
========================================================================
Received Prepare
Registering precompiled user dll's ...
Registered in 0.002553 seconds.
Begin MonoManager ReloadAssembly
Native extension for WindowsStandalone target not found
Refreshing native plugins compatible for Editor in 0.48 ms, found 2 plugins.
Preloading 0 native plugins for Editor in 0.00 ms.
Mono: successfully reloaded assembly
- Completed reload, in  0.883 seconds
Domain Reload Profiling:
	ReloadAssembly (884ms)
		BeginReloadAssembly (103ms)
			ExecutionOrderSort (0ms)
			DisableScriptedObjects (4ms)
			BackupInstance (0ms)
			ReleaseScriptingObjects (0ms)
			CreateAndSetChildDomain (28ms)
		EndReloadAssembly (724ms)
			LoadAssemblies (77ms)
			RebuildTransferFunctionScriptingTraits (0ms)
			SetupTypeCache (268ms)
			ReleaseScriptCaches (1ms)
			RebuildScriptCaches (34ms)
			SetupLoadedEditorAssemblies (260ms)
				LogAssemblyErrors (0ms)
				InitializePlatformSupportModulesInManaged (4ms)
				SetLoadedEditorAssemblies (0ms)
				RefreshPlugins (1ms)
				BeforeProcessingInitializeOnLoad (65ms)
				ProcessInitializeOnLoadAttributes (175ms)
				ProcessInitializeOnLoadMethodAttributes (9ms)
				AfterProcessingInitializeOnLoad (6ms)
				EditorAssembliesLoaded (0ms)
			ExecutionOrderSort2 (0ms)
			AwakeInstancesAfterBackupRestoration (6ms)
Platform modules already initialized, skipping
Refreshing native plugins compatible for Editor in 0.49 ms, found 2 plugins.
Preloading 0 native plugins for Editor in 0.00 ms.
Unloading 1508 Unused Serialized files (Serialized files now loaded: 0)
System memory in use before: 90.6 MB.
System memory in use after: 90.7 MB.

Unloading 14 unused Assets to reduce memory usage. Loaded Objects now: 1981.
Total: 2.542200 ms (FindLiveObjects: 0.228300 ms CreateObjectMapping: 0.131300 ms MarkObjects: 2.163400 ms  DeleteObjects: 0.017500 ms)

AssetImportParameters requested are different than current active one (requested -> active):
  custom:framework-win-MediaFoundation: 216162199b28c13a410421893ffa2e32 -> 
  custom:video-decoder-ogg-theora: a1e56fd34408186e4bbccfd4996cb3dc -> 
  custom:container-muxer-webm: aa71ff27fc2769a1b78a27578f13a17b -> 
  custom:container-demuxer-webm: 4f35f7cbe854078d1ac9338744f61a02 -> 
  custom:container-demuxer-ogg: 62fdf1f143b41e24485cea50d1cbac27 -> 
  custom:video-encoder-webm-vp8: eb34c28f22e8b96e1ab97ce403110664 -> 
  custom:video-decoder-webm-vp8: 9c59270c3fd7afecdb556c50c9e8de78 -> 
  custom:audio-decoder-ogg-vorbis: bf7c407c2cedff20999df2af8eb42d56 -> 
  custom:audio-encoder-webm-vorbis: bf7c407c2cedff20999df2af8eb42d56 -> 
========================================================================
Received Import Request.
  Time since last request: 216.965516 seconds.
  path: Assets/Prefabs/Player.prefab
  artifactKey: Guid(aef8c13c91f4ecb47b866c96d1ce34c4) Importer(815301076,1909f56bfc062723c751e8b465ee728b)
Start importing Assets/Prefabs/Player.prefab using Guid(aef8c13c91f4ecb47b866c96d1ce34c4) Importer(815301076,1909f56bfc062723c751e8b465ee728b)  -> (artifact id: '1f3ae6232e1e5ba3f71243a395a75d39') in 0.109317 seconds 
  Import took 0.113796 seconds .

========================================================================
Received Prepare
Registering precompiled user dll's ...
Registered in 0.003921 seconds.
Begin MonoManager ReloadAssembly
Native extension for WindowsStandalone target not found
Refreshing native plugins compatible for Editor in 0.51 ms, found 2 plugins.
Preloading 0 native plugins for Editor in 0.00 ms.
Mono: successfully reloaded assembly
- Completed reload, in  0.858 seconds
Domain Reload Profiling:
	ReloadAssembly (859ms)
		BeginReloadAssembly (106ms)
			ExecutionOrderSort (0ms)
			DisableScriptedObjects (4ms)
			BackupInstance (0ms)
			ReleaseScriptingObjects (0ms)
			CreateAndSetChildDomain (28ms)
		EndReloadAssembly (697ms)
			LoadAssemblies (75ms)
			RebuildTransferFunctionScriptingTraits (0ms)
			SetupTypeCache (251ms)
			ReleaseScriptCaches (1ms)
			RebuildScriptCaches (34ms)
			SetupLoadedEditorAssemblies (253ms)
				LogAssemblyErrors (0ms)
				InitializePlatformSupportModulesInManaged (4ms)
				SetLoadedEditorAssemblies (0ms)
				RefreshPlugins (1ms)
				BeforeProcessingInitializeOnLoad (65ms)
				ProcessInitializeOnLoadAttributes (168ms)
				ProcessInitializeOnLoadMethodAttributes (8ms)
				AfterProcessingInitializeOnLoad (6ms)
				EditorAssembliesLoaded (0ms)
			ExecutionOrderSort2 (0ms)
			AwakeInstancesAfterBackupRestoration (6ms)
Platform modules already initialized, skipping
Refreshing native plugins compatible for Editor in 0.50 ms, found 2 plugins.
Preloading 0 native plugins for Editor in 0.00 ms.
Unloading 1508 Unused Serialized files (Serialized files now loaded: 0)
System memory in use before: 90.6 MB.
System memory in use after: 90.7 MB.

Unloading 14 unused Assets to reduce memory usage. Loaded Objects now: 1984.
Total: 2.692900 ms (FindLiveObjects: 0.147000 ms CreateObjectMapping: 0.052600 ms MarkObjects: 2.473800 ms  DeleteObjects: 0.018600 ms)

AssetImportParameters requested are different than current active one (requested -> active):
  custom:framework-win-MediaFoundation: 216162199b28c13a410421893ffa2e32 -> 
  custom:video-decoder-ogg-theora: a1e56fd34408186e4bbccfd4996cb3dc -> 
  custom:container-muxer-webm: aa71ff27fc2769a1b78a27578f13a17b -> 
  custom:container-demuxer-webm: 4f35f7cbe854078d1ac9338744f61a02 -> 
  custom:container-demuxer-ogg: 62fdf1f143b41e24485cea50d1cbac27 -> 
  custom:video-encoder-webm-vp8: eb34c28f22e8b96e1ab97ce403110664 -> 
  custom:video-decoder-webm-vp8: 9c59270c3fd7afecdb556c50c9e8de78 -> 
  custom:audio-decoder-ogg-vorbis: bf7c407c2cedff20999df2af8eb42d56 -> 
  custom:audio-encoder-webm-vorbis: bf7c407c2cedff20999df2af8eb42d56 -> 
========================================================================
Received Import Request.
  Time since last request: 180.406053 seconds.
  path: Assets/Prefabs/Player.prefab
  artifactKey: Guid(aef8c13c91f4ecb47b866c96d1ce34c4) Importer(815301076,1909f56bfc062723c751e8b465ee728b)
Start importing Assets/Prefabs/Player.prefab using Guid(aef8c13c91f4ecb47b866c96d1ce34c4) Importer(815301076,1909f56bfc062723c751e8b465ee728b)  -> (artifact id: '00ab2c98872660d774f086bffbc84af6') in 0.110844 seconds 
  Import took 0.116025 seconds .

========================================================================
Received Import Request.
  Time since last request: 1.266352 seconds.
  path: Assets/Prefabs/Player.prefab
  artifactKey: Guid(aef8c13c91f4ecb47b866c96d1ce34c4) Importer(815301076,1909f56bfc062723c751e8b465ee728b)
Start importing Assets/Prefabs/Player.prefab using Guid(aef8c13c91f4ecb47b866c96d1ce34c4) Importer(815301076,1909f56bfc062723c751e8b465ee728b)  -> (artifact id: '75726943f8f39ccda36b81603f66e3c1') in 0.048044 seconds 
  Import took 0.052622 seconds .

========================================================================
Received Import Request.
  Time since last request: 10.639199 seconds.
  path: Assets/Prefabs/Player.prefab
  artifactKey: Guid(aef8c13c91f4ecb47b866c96d1ce34c4) Importer(815301076,1909f56bfc062723c751e8b465ee728b)
Start importing Assets/Prefabs/Player.prefab using Guid(aef8c13c91f4ecb47b866c96d1ce34c4) Importer(815301076,1909f56bfc062723c751e8b465ee728b)  -> (artifact id: '45e3090200fcd0dfda04c9884c3af04e') in 0.055613 seconds 
  Import took 0.059686 seconds .

========================================================================
Received Import Request.
  Time since last request: 6.801451 seconds.
  path: Assets/Prefabs/Player.prefab
  artifactKey: Guid(aef8c13c91f4ecb47b866c96d1ce34c4) Importer(815301076,1909f56bfc062723c751e8b465ee728b)
Start importing Assets/Prefabs/Player.prefab using Guid(aef8c13c91f4ecb47b866c96d1ce34c4) Importer(815301076,1909f56bfc062723c751e8b465ee728b)  -> (artifact id: '9a9687969566ee50269f8a16e024ed66') in 0.048810 seconds 
  Import took 0.053018 seconds .

========================================================================
Received Import Request.
  Time since last request: 1.956867 seconds.
  path: Assets/Prefabs/Player.prefab
  artifactKey: Guid(aef8c13c91f4ecb47b866c96d1ce34c4) Importer(815301076,1909f56bfc062723c751e8b465ee728b)
Start importing Assets/Prefabs/Player.prefab using Guid(aef8c13c91f4ecb47b866c96d1ce34c4) Importer(815301076,1909f56bfc062723c751e8b465ee728b)  -> (artifact id: 'fd4df7558b76c2a46bec1e01bf1680ec') in 0.045223 seconds 
  Import took 0.049926 seconds .

========================================================================
Received Import Request.
  Time since last request: 54.262130 seconds.
  path: Assets/Prefabs/Player.prefab
  artifactKey: Guid(aef8c13c91f4ecb47b866c96d1ce34c4) Importer(815301076,1909f56bfc062723c751e8b465ee728b)
Start importing Assets/Prefabs/Player.prefab using Guid(aef8c13c91f4ecb47b866c96d1ce34c4) Importer(815301076,1909f56bfc062723c751e8b465ee728b)  -> (artifact id: 'e3551867f9c196791bade39e4e5cd12f') in 0.053723 seconds 
  Import took 0.058396 seconds .

========================================================================
Received Import Request.
  Time since last request: 0.000290 seconds.
  path: Assets/Prefabs/SM_Wep_BlunderBuss_01.prefab
  artifactKey: Guid(35f66bb44f2dcb24ba9982c780c43528) Importer(815301076,1909f56bfc062723c751e8b465ee728b)
Start importing Assets/Prefabs/SM_Wep_BlunderBuss_01.prefab using Guid(35f66bb44f2dcb24ba9982c780c43528) Importer(815301076,1909f56bfc062723c751e8b465ee728b)  -> (artifact id: '8182a9e418796971c7a2f1081b385795') in 0.009240 seconds 
  Import took 0.011612 seconds .

========================================================================
Received Import Request.
  Time since last request: 25.159529 seconds.
  path: Assets/Prefabs/SM_Prop_CannonBalls_01.prefab
  artifactKey: Guid(b1d9837d1b98aa240b66ce0554ac4e3d) Importer(815301076,1909f56bfc062723c751e8b465ee728b)
Start importing Assets/Prefabs/SM_Prop_CannonBalls_01.prefab using Guid(b1d9837d1b98aa240b66ce0554ac4e3d) Importer(815301076,1909f56bfc062723c751e8b465ee728b)  -> (artifact id: '08031b602ec2e858460c87ce1a3203ae') in 0.009916 seconds 
  Import took 0.012776 seconds .

========================================================================
Received Import Request.
  Time since last request: 70.780488 seconds.
  path: Assets/Prefabs/Player.prefab
  artifactKey: Guid(aef8c13c91f4ecb47b866c96d1ce34c4) Importer(815301076,1909f56bfc062723c751e8b465ee728b)
Start importing Assets/Prefabs/Player.prefab using Guid(aef8c13c91f4ecb47b866c96d1ce34c4) Importer(815301076,1909f56bfc062723c751e8b465ee728b)  -> (artifact id: 'afbd457a4f70d884aaf3949fd12970ee') in 0.046324 seconds 
  Import took 0.051062 seconds .

========================================================================
Received Import Request.
  Time since last request: 6.720340 seconds.
  path: Assets/Prefabs/Player.prefab
  artifactKey: Guid(aef8c13c91f4ecb47b866c96d1ce34c4) Importer(815301076,1909f56bfc062723c751e8b465ee728b)
Start importing Assets/Prefabs/Player.prefab using Guid(aef8c13c91f4ecb47b866c96d1ce34c4) Importer(815301076,1909f56bfc062723c751e8b465ee728b)  -> (artifact id: '058b53e5641d4c1d14f53bcf153cea80') in 0.050190 seconds 
  Import took 0.054736 seconds .

========================================================================
Received Import Request.
  Time since last request: 19.759116 seconds.
  path: Assets/Prefabs/Player.prefab
  artifactKey: Guid(aef8c13c91f4ecb47b866c96d1ce34c4) Importer(815301076,1909f56bfc062723c751e8b465ee728b)
Start importing Assets/Prefabs/Player.prefab using Guid(aef8c13c91f4ecb47b866c96d1ce34c4) Importer(815301076,1909f56bfc062723c751e8b465ee728b)  -> (artifact id: 'dd481c186fa1b255acd705af6ec94794') in 0.056002 seconds 
  Import took 0.061384 seconds .

========================================================================
Received Import Request.
  Time since last request: 4.581665 seconds.
  path: Assets/Prefabs/Player.prefab
  artifactKey: Guid(aef8c13c91f4ecb47b866c96d1ce34c4) Importer(815301076,1909f56bfc062723c751e8b465ee728b)
Start importing Assets/Prefabs/Player.prefab using Guid(aef8c13c91f4ecb47b866c96d1ce34c4) Importer(815301076,1909f56bfc062723c751e8b465ee728b)  -> (artifact id: 'd278109f2fb4656fd801df0bbd43752e') in 0.050961 seconds 
  Import took 0.055343 seconds .

========================================================================
Received Prepare
Registering precompiled user dll's ...
Registered in 0.002532 seconds.
Begin MonoManager ReloadAssembly
Native extension for WindowsStandalone target not found
Refreshing native plugins compatible for Editor in 0.49 ms, found 2 plugins.
Preloading 0 native plugins for Editor in 0.00 ms.
Mono: successfully reloaded assembly
- Completed reload, in  0.866 seconds
Domain Reload Profiling:
	ReloadAssembly (867ms)
		BeginReloadAssembly (103ms)
			ExecutionOrderSort (0ms)
			DisableScriptedObjects (4ms)
			BackupInstance (0ms)
			ReleaseScriptingObjects (0ms)
			CreateAndSetChildDomain (30ms)
		EndReloadAssembly (707ms)
			LoadAssemblies (75ms)
			RebuildTransferFunctionScriptingTraits (0ms)
			SetupTypeCache (250ms)
			ReleaseScriptCaches (1ms)
			RebuildScriptCaches (34ms)
			SetupLoadedEditorAssemblies (263ms)
				LogAssemblyErrors (0ms)
				InitializePlatformSupportModulesInManaged (4ms)
				SetLoadedEditorAssemblies (0ms)
				RefreshPlugins (1ms)
				BeforeProcessingInitializeOnLoad (64ms)
				ProcessInitializeOnLoadAttributes (178ms)
				ProcessInitializeOnLoadMethodAttributes (8ms)
				AfterProcessingInitializeOnLoad (6ms)
				EditorAssembliesLoaded (0ms)
			ExecutionOrderSort2 (0ms)
			AwakeInstancesAfterBackupRestoration (6ms)
Platform modules already initialized, skipping
Refreshing native plugins compatible for Editor in 0.50 ms, found 2 plugins.
Preloading 0 native plugins for Editor in 0.00 ms.
Unloading 1508 Unused Serialized files (Serialized files now loaded: 0)
System memory in use before: 90.7 MB.
System memory in use after: 90.8 MB.

Unloading 14 unused Assets to reduce memory usage. Loaded Objects now: 1987.
Total: 3.161000 ms (FindLiveObjects: 0.137400 ms CreateObjectMapping: 0.047900 ms MarkObjects: 2.949400 ms  DeleteObjects: 0.024800 ms)

AssetImportParameters requested are different than current active one (requested -> active):
  custom:framework-win-MediaFoundation: 216162199b28c13a410421893ffa2e32 -> 
  custom:video-decoder-ogg-theora: a1e56fd34408186e4bbccfd4996cb3dc -> 
  custom:container-muxer-webm: aa71ff27fc2769a1b78a27578f13a17b -> 
  custom:container-demuxer-webm: 4f35f7cbe854078d1ac9338744f61a02 -> 
  custom:container-demuxer-ogg: 62fdf1f143b41e24485cea50d1cbac27 -> 
  custom:video-encoder-webm-vp8: eb34c28f22e8b96e1ab97ce403110664 -> 
  custom:video-decoder-webm-vp8: 9c59270c3fd7afecdb556c50c9e8de78 -> 
  custom:audio-decoder-ogg-vorbis: bf7c407c2cedff20999df2af8eb42d56 -> 
  custom:audio-encoder-webm-vorbis: bf7c407c2cedff20999df2af8eb42d56 -> 
AssetImportWorkerClient::OnTransportError - code=2 error=End of file
